<?xml version="1.0" encoding="UTF-8"?>
<!-- Generated by org.testng.reporters.JUnitXMLReporter -->
<testsuite hostname="LFR035411" ignored="0" name="Test" tests="4" failures="0" timestamp="2019-10-21T14:21:01 CEST" time="0.117" errors="0">
  <testcase name="@BeforeTest setup" time="-1.571660461698E9" classname="util.TesnGT">
    <failure type="org.testng.TestNGException" message="
Parameter &amp;apos;browser&amp;apos; is required by BeforeTest on method setup but has not been marked @Optional or defined
in C:\Users\mchibani\eclipse-workspace\Apptvapp\testng.xml">
      <![CDATA[org.testng.TestNGException: 
Parameter 'browser' is required by BeforeTest on method setup but has not been marked @Optional or defined
in C:\Users\mchibani\eclipse-workspace\Apptvapp\testng.xml
... Removed 21 stack frames]]>
    </failure>
  </testcase> <!-- @BeforeTest setup -->
  <testcase name="@AfterTest teardown" time="-1.571660461802E9" classname="util.TesnGT">
    <skipped/>
  </testcase> <!-- @AfterTest teardown -->
  <testcase name="test" time="0.0" classname="util.TesnGT">
    <skipped/>
  </testcase> <!-- test -->
  <testcase name="test1" time="0.0" classname="util.TestGroup">
    <skipped/>
  </testcase> <!-- test1 -->
  <testcase name="test2" time="0.0" classname="util.TestGroup">
    <skipped/>
  </testcase> <!-- test2 -->
  <testcase name="test3" time="0.0" classname="util.TestGroup">
    <skipped/>
  </testcase> <!-- test3 -->
</testsuite> <!-- Test -->
